# JRE version: Java(TM) SE Runtime Environment (8.0_92-b14) (build 1.8.0_92-b14)
# Java VM: Java HotSpot(TM) 64-Bit Server VM (25.92-b14 mixed mode windows-amd64 compressed oops)
Heap:
 PSYoungGen      total 119808K, used 16348K [0x00000000e0000000, 0x00000000e8180000, 0x0000000100000000)
  eden space 108544K, 7% used [0x00000000e0000000,0x00000000e0862918,0x00000000e6a00000)
  from space 11264K, 68% used [0x00000000e7500000,0x00000000e7c94750,0x00000000e8000000)
  to   space 11264K, 0% used [0x00000000e6a00000,0x00000000e6a00000,0x00000000e7500000)
 ParOldGen       total 68608K, used 17172K [0x00000000a0000000, 0x00000000a4300000, 0x00000000e0000000)
  object space 68608K, 25% used [0x00000000a0000000,0x00000000a10c52e0,0x00000000a4300000)
 Metaspace       used 44023K, capacity 45120K, committed 45312K, reserved 1089536K
  class space    used 6004K, capacity 6282K, committed 6400K, reserved 1048576K
GC Heap History (10 events):
Event: 14.490 GC heap before
{Heap before GC invocations=11 (full 2):
 PSYoungGen      total 101888K, used 19636K [0x00000000e0000000, 0x00000000e8d80000, 0x0000000100000000)
  eden space 90624K, 21% used [0x00000000e0000000,0x00000000e132d3d8,0x00000000e5880000)
  from space 11264K, 0% used [0x00000000e8280000,0x00000000e8280000,0x00000000e8d80000)
  to   space 10240K, 0% used [0x00000000e5880000,0x00000000e5880000,0x00000000e6280000)
 ParOldGen       total 68608K, used 14799K [0x00000000a0000000, 0x00000000a4300000, 0x00000000e0000000)
  object space 68608K, 21% used [0x00000000a0000000,0x00000000a0e73f18,0x00000000a4300000)
 Metaspace       used 35683K, capacity 36454K, committed 36608K, reserved 1085440K
  class space    used 4888K, capacity 5082K, committed 5120K, reserved 1048576K
Event: 14.506 GC heap after
Heap after GC invocations=11 (full 2):
 PSYoungGen      total 100864K, used 3002K [0x00000000e0000000, 0x00000000e8a80000, 0x0000000100000000)
  eden space 90624K, 0% used [0x00000000e0000000,0x00000000e0000000,0x00000000e5880000)
  from space 10240K, 29% used [0x00000000e5880000,0x00000000e5b6e958,0x00000000e6280000)
  to   space 11264K, 0% used [0x00000000e7f80000,0x00000000e7f80000,0x00000000e8a80000)
 ParOldGen       total 68608K, used 14807K [0x00000000a0000000, 0x00000000a4300000, 0x00000000e0000000)
  object space 68608K, 21% used [0x00000000a0000000,0x00000000a0e75f18,0x00000000a4300000)
 Metaspace       used 35683K, capacity 36454K, committed 36608K, reserved 1085440K
  class space    used 4888K, capacity 5082K, committed 5120K, reserved 1048576K
}
Event: 14.506 GC heap before
{Heap before GC invocations=12 (full 3):
 PSYoungGen      total 100864K, used 3002K [0x00000000e0000000, 0x00000000e8a80000, 0x0000000100000000)
  eden space 90624K, 0% used [0x00000000e0000000,0x00000000e0000000,0x00000000e5880000)
  from space 10240K, 29% used [0x00000000e5880000,0x00000000e5b6e958,0x00000000e6280000)
  to   space 11264K, 0% used [0x00000000e7f80000,0x00000000e7f80000,0x00000000e8a80000)
 ParOldGen       total 68608K, used 14807K [0x00000000a0000000, 0x00000000a4300000, 0x00000000e0000000)
  object space 68608K, 21% used [0x00000000a0000000,0x00000000a0e75f18,0x00000000a4300000)
 Metaspace       used 35683K, capacity 36454K, committed 36608K, reserved 1085440K
  class space    used 4888K, capacity 5082K, committed 5120K, reserved 1048576K
Event: 14.679 GC heap after
Heap after GC invocations=12 (full 3):
 PSYoungGen      total 100864K, used 0K [0x00000000e0000000, 0x00000000e8a80000, 0x0000000100000000)
  eden space 90624K, 0% used [0x00000000e0000000,0x00000000e0000000,0x00000000e5880000)
  from space 10240K, 0% used [0x00000000e5880000,0x00000000e5880000,0x00000000e6280000)
  to   space 11264K, 0% used [0x00000000e7f80000,0x00000000e7f80000,0x00000000e8a80000)
 ParOldGen       total 68608K, used 17084K [0x00000000a0000000, 0x00000000a4300000, 0x00000000e0000000)
  object space 68608K, 24% used [0x00000000a0000000,0x00000000a10af2d0,0x00000000a4300000)
 Metaspace       used 35683K, capacity 36454K, committed 36608K, reserved 1083392K
  class space    used 4888K, capacity 5082K, committed 5120K, reserved 1048576K
}
Event: 17.266 GC heap before
{Heap before GC invocations=13 (full 3):
 PSYoungGen      total 100864K, used 90624K [0x00000000e0000000, 0x00000000e8a80000, 0x0000000100000000)
  eden space 90624K, 100% used [0x00000000e0000000,0x00000000e5880000,0x00000000e5880000)
  from space 10240K, 0% used [0x00000000e5880000,0x00000000e5880000,0x00000000e6280000)
  to   space 11264K, 0% used [0x00000000e7f80000,0x00000000e7f80000,0x00000000e8a80000)
 ParOldGen       total 68608K, used 17084K [0x00000000a0000000, 0x00000000a4300000, 0x00000000e0000000)
  object space 68608K, 24% used [0x00000000a0000000,0x00000000a10af2d0,0x00000000a4300000)
 Metaspace       used 37170K, capacity 38010K, committed 38144K, reserved 1083392K
  class space    used 5120K, capacity 5359K, committed 5376K, reserved 1048576K
Event: 17.277 GC heap after
Heap after GC invocations=13 (full 3):
 PSYoungGen      total 101376K, used 3702K [0x00000000e0000000, 0x00000000e8380000, 0x0000000100000000)
  eden space 97280K, 0% used [0x00000000e0000000,0x00000000e0000000,0x00000000e5f00000)
  from space 4096K, 90% used [0x00000000e7f80000,0x00000000e831db38,0x00000000e8380000)
  to   space 11264K, 0% used [0x00000000e6d80000,0x00000000e6d80000,0x00000000e7880000)
 ParOldGen       total 68608K, used 17092K [0x00000000a0000000, 0x00000000a4300000, 0x00000000e0000000)
  object space 68608K, 24% used [0x00000000a0000000,0x00000000a10b12d0,0x00000000a4300000)
 Metaspace       used 37170K, capacity 38010K, committed 38144K, reserved 1083392K
  class space    used 5120K, capacity 5359K, committed 5376K, reserved 1048576K
}
Event: 20.023 GC heap before
{Heap before GC invocations=14 (full 3):
 PSYoungGen      total 101376K, used 100982K [0x00000000e0000000, 0x00000000e8380000, 0x0000000100000000)
  eden space 97280K, 100% used [0x00000000e0000000,0x00000000e5f00000,0x00000000e5f00000)
  from space 4096K, 90% used [0x00000000e7f80000,0x00000000e831db38,0x00000000e8380000)
  to   space 11264K, 0% used [0x00000000e6d80000,0x00000000e6d80000,0x00000000e7880000)
 ParOldGen       total 68608K, used 17092K [0x00000000a0000000, 0x00000000a4300000, 0x00000000e0000000)
  object space 68608K, 24% used [0x00000000a0000000,0x00000000a10b12d0,0x00000000a4300000)
 Metaspace       used 41899K, capacity 42850K, committed 43136K, reserved 1087488K
  class space    used 5731K, capacity 5963K, committed 6016K, reserved 1048576K
Event: 20.040 GC heap after
Heap after GC invocations=14 (full 3):
 PSYoungGen      total 108544K, used 4775K [0x00000000e0000000, 0x00000000e8000000, 0x0000000100000000)
  eden space 103424K, 0% used [0x00000000e0000000,0x00000000e0000000,0x00000000e6500000)
  from space 5120K, 93% used [0x00000000e6d80000,0x00000000e7229ec0,0x00000000e7280000)
  to   space 11264K, 0% used [0x00000000e7500000,0x00000000e7500000,0x00000000e8000000)
 ParOldGen       total 68608K, used 17164K [0x00000000a0000000, 0x00000000a4300000, 0x00000000e0000000)
  object space 68608K, 25% used [0x00000000a0000000,0x00000000a10c32e0,0x00000000a4300000)
 Metaspace       used 41899K, capacity 42850K, committed 43136K, reserved 1087488K
  class space    used 5731K, capacity 5963K, committed 6016K, reserved 1048576K
}
Event: 23.275 GC heap before
{Heap before GC invocations=15 (full 3):
 PSYoungGen      total 108544K, used 108199K [0x00000000e0000000, 0x00000000e8000000, 0x0000000100000000)
  eden space 103424K, 100% used [0x00000000e0000000,0x00000000e6500000,0x00000000e6500000)
  from space 5120K, 93% used [0x00000000e6d80000,0x00000000e7229ec0,0x00000000e7280000)
  to   space 11264K, 0% used [0x00000000e7500000,0x00000000e7500000,0x00000000e8000000)
 ParOldGen       total 68608K, used 17164K [0x00000000a0000000, 0x00000000a4300000, 0x00000000e0000000)
  object space 68608K, 25% used [0x00000000a0000000,0x00000000a10c32e0,0x00000000a4300000)
 Metaspace       used 43892K, capacity 44968K, committed 45184K, reserved 1089536K
  class space    used 5984K, capacity 6266K, committed 6272K, reserved 1048576K
Event: 23.330 GC heap after
Heap after GC invocations=15 (full 3):
 PSYoungGen      total 119808K, used 7761K [0x00000000e0000000, 0x00000000e8180000, 0x0000000100000000)
  eden space 108544K, 0% used [0x00000000e0000000,0x00000000e0000000,0x00000000e6a00000)
  from space 11264K, 68% used [0x00000000e7500000,0x00000000e7c94750,0x00000000e8000000)
  to   space 11264K, 0% used [0x00000000e6a00000,0x00000000e6a00000,0x00000000e7500000)
 ParOldGen       total 68608K, used 17172K [0x00000000a0000000, 0x00000000a4300000, 0x00000000e0000000)
  object space 68608K, 25% used [0x00000000a0000000,0x00000000a10c52e0,0x00000000a4300000)
 Metaspace       used 43892K, capacity 44968K, committed 45184K, reserved 1089536K
  class space    used 5984K, capacity 6266K, committed 6272K, reserved 1048576K
}

