# JRE version: Java(TM) SE Runtime Environment (8.0_92-b14) (build 1.8.0_92-b14)
# Java VM: Java HotSpot(TM) 64-Bit Server VM (25.92-b14 mixed mode windows-amd64 compressed oops)
Heap:
 PSYoungGen      total 71168K, used 7660K [0x00000000e0000000, 0x00000000e5100000, 0x0000000100000000)
  eden space 63488K, 0% used [0x00000000e0000000,0x00000000e0000000,0x00000000e3e00000)
  from space 7680K, 99% used [0x00000000e4980000,0x00000000e50fb028,0x00000000e5100000)
  to   space 9728K, 0% used [0x00000000e3e00000,0x00000000e3e00000,0x00000000e4780000)
 ParOldGen       total 66560K, used 8706K [0x00000000a0000000, 0x00000000a4100000, 0x00000000e0000000)
  object space 66560K, 13% used [0x00000000a0000000,0x00000000a0880998,0x00000000a4100000)
 Metaspace       used 34538K, capacity 35308K, committed 35456K, reserved 1079296K
  class space    used 4750K, capacity 4955K, committed 4992K, reserved 1048576K
GC Heap History (10 events):
Event: 8.592 GC heap after
Heap after GC invocations=7 (full 1):
 PSYoungGen      total 55808K, used 5158K [0x00000000e0000000, 0x00000000e4180000, 0x0000000100000000)
  eden space 46592K, 0% used [0x00000000e0000000,0x00000000e0000000,0x00000000e2d80000)
  from space 9216K, 55% used [0x00000000e3880000,0x00000000e3d89ac8,0x00000000e4180000)
  to   space 10240K, 0% used [0x00000000e2d80000,0x00000000e2d80000,0x00000000e3780000)
 ParOldGen       total 66560K, used 8577K [0x00000000a0000000, 0x00000000a4100000, 0x00000000e0000000)
  object space 66560K, 12% used [0x00000000a0000000,0x00000000a0860618,0x00000000a4100000)
 Metaspace       used 26087K, capacity 26670K, committed 27008K, reserved 1073152K
  class space    used 3676K, capacity 3847K, committed 3968K, reserved 1048576K
}
Event: 10.774 GC heap before
{Heap before GC invocations=8 (full 1):
 PSYoungGen      total 55808K, used 51750K [0x00000000e0000000, 0x00000000e4180000, 0x0000000100000000)
  eden space 46592K, 100% used [0x00000000e0000000,0x00000000e2d80000,0x00000000e2d80000)
  from space 9216K, 55% used [0x00000000e3880000,0x00000000e3d89ac8,0x00000000e4180000)
  to   space 10240K, 0% used [0x00000000e2d80000,0x00000000e2d80000,0x00000000e3780000)
 ParOldGen       total 66560K, used 8577K [0x00000000a0000000, 0x00000000a4100000, 0x00000000e0000000)
  object space 66560K, 12% used [0x00000000a0000000,0x00000000a0860618,0x00000000a4100000)
 Metaspace       used 28334K, capacity 28966K, committed 29312K, reserved 1075200K
  class space    used 3973K, capacity 4139K, committed 4224K, reserved 1048576K
Event: 10.808 GC heap after
Heap after GC invocations=8 (full 1):
 PSYoungGen      total 56832K, used 5420K [0x00000000e0000000, 0x00000000e5300000, 0x0000000100000000)
  eden space 46592K, 0% used [0x00000000e0000000,0x00000000e0000000,0x00000000e2d80000)
  from space 10240K, 52% used [0x00000000e2d80000,0x00000000e32cb0a8,0x00000000e3780000)
  to   space 9728K, 0% used [0x00000000e4980000,0x00000000e4980000,0x00000000e5300000)
 ParOldGen       total 66560K, used 8577K [0x00000000a0000000, 0x00000000a4100000, 0x00000000e0000000)
  object space 66560K, 12% used [0x00000000a0000000,0x00000000a0860618,0x00000000a4100000)
 Metaspace       used 28334K, capacity 28966K, committed 29312K, reserved 1075200K
  class space    used 3973K, capacity 4139K, committed 4224K, reserved 1048576K
}
Event: 13.202 GC heap before
{Heap before GC invocations=9 (full 1):
 PSYoungGen      total 56832K, used 52012K [0x00000000e0000000, 0x00000000e5300000, 0x0000000100000000)
  eden space 46592K, 100% used [0x00000000e0000000,0x00000000e2d80000,0x00000000e2d80000)
  from space 10240K, 52% used [0x00000000e2d80000,0x00000000e32cb0a8,0x00000000e3780000)
  to   space 9728K, 0% used [0x00000000e4980000,0x00000000e4980000,0x00000000e5300000)
 ParOldGen       total 66560K, used 8577K [0x00000000a0000000, 0x00000000a4100000, 0x00000000e0000000)
  object space 66560K, 12% used [0x00000000a0000000,0x00000000a0860618,0x00000000a4100000)
 Metaspace       used 28854K, capacity 29510K, committed 29824K, reserved 1075200K
  class space    used 4008K, capacity 4171K, committed 4224K, reserved 1048576K
Event: 13.213 GC heap after
Heap after GC invocations=9 (full 1):
 PSYoungGen      total 71168K, used 4372K [0x00000000e0000000, 0x00000000e5100000, 0x0000000100000000)
  eden space 63488K, 0% used [0x00000000e0000000,0x00000000e0000000,0x00000000e3e00000)
  from space 7680K, 56% used [0x00000000e4980000,0x00000000e4dc5030,0x00000000e5100000)
  to   space 9728K, 0% used [0x00000000e3e00000,0x00000000e3e00000,0x00000000e4780000)
 ParOldGen       total 66560K, used 8585K [0x00000000a0000000, 0x00000000a4100000, 0x00000000e0000000)
  object space 66560K, 12% used [0x00000000a0000000,0x00000000a0862618,0x00000000a4100000)
 Metaspace       used 28854K, capacity 29510K, committed 29824K, reserved 1075200K
  class space    used 4008K, capacity 4171K, committed 4224K, reserved 1048576K
}
Event: 15.491 GC heap before
{Heap before GC invocations=10 (full 1):
 PSYoungGen      total 71168K, used 67860K [0x00000000e0000000, 0x00000000e5100000, 0x0000000100000000)
  eden space 63488K, 100% used [0x00000000e0000000,0x00000000e3e00000,0x00000000e3e00000)
  from space 7680K, 56% used [0x00000000e4980000,0x00000000e4dc5030,0x00000000e5100000)
  to   space 9728K, 0% used [0x00000000e3e00000,0x00000000e3e00000,0x00000000e4780000)
 ParOldGen       total 66560K, used 8585K [0x00000000a0000000, 0x00000000a4100000, 0x00000000e0000000)
  object space 66560K, 12% used [0x00000000a0000000,0x00000000a0862618,0x00000000a4100000)
 Metaspace       used 33217K, capacity 33928K, committed 34304K, reserved 1079296K
  class space    used 4570K, capacity 4757K, committed 4864K, reserved 1048576K
Event: 15.538 GC heap after
Heap after GC invocations=10 (full 1):
 PSYoungGen      total 73216K, used 9550K [0x00000000e0000000, 0x00000000e5100000, 0x0000000100000000)
  eden space 63488K, 0% used [0x00000000e0000000,0x00000000e0000000,0x00000000e3e00000)
  from space 9728K, 98% used [0x00000000e3e00000,0x00000000e4753a50,0x00000000e4780000)
  to   space 7680K, 0% used [0x00000000e4980000,0x00000000e4980000,0x00000000e5100000)
 ParOldGen       total 66560K, used 8585K [0x00000000a0000000, 0x00000000a4100000, 0x00000000e0000000)
  object space 66560K, 12% used [0x00000000a0000000,0x00000000a0862618,0x00000000a4100000)
 Metaspace       used 33217K, capacity 33928K, committed 34304K, reserved 1079296K
  class space    used 4570K, capacity 4757K, committed 4864K, reserved 1048576K
}
Event: 16.058 GC heap before
{Heap before GC invocations=11 (full 1):
 PSYoungGen      total 73216K, used 23155K [0x00000000e0000000, 0x00000000e5100000, 0x0000000100000000)
  eden space 63488K, 21% used [0x00000000e0000000,0x00000000e0d49458,0x00000000e3e00000)
  from space 9728K, 98% used [0x00000000e3e00000,0x00000000e4753a50,0x00000000e4780000)
  to   space 7680K, 0% used [0x00000000e4980000,0x00000000e4980000,0x00000000e5100000)
 ParOldGen       total 66560K, used 8585K [0x00000000a0000000, 0x00000000a4100000, 0x00000000e0000000)
  object space 66560K, 12% used [0x00000000a0000000,0x00000000a0862618,0x00000000a4100000)
 Metaspace       used 34538K, capacity 35308K, committed 35456K, reserved 1079296K
  class space    used 4750K, capacity 4955K, committed 4992K, reserved 1048576K
Event: 16.098 GC heap after
Heap after GC invocations=11 (full 1):
 PSYoungGen      total 71168K, used 7660K [0x00000000e0000000, 0x00000000e5100000, 0x0000000100000000)
  eden space 63488K, 0% used [0x00000000e0000000,0x00000000e0000000,0x00000000e3e00000)
  from space 7680K, 99% used [0x00000000e4980000,0x00000000e50fb028,0x00000000e5100000)
  to   space 9728K, 0% used [0x00000000e3e00000,0x00000000e3e00000,0x00000000e4780000)
 ParOldGen       total 66560K, used 8706K [0x00000000a0000000, 0x00000000a4100000, 0x00000000e0000000)
  object space 66560K, 13% used [0x00000000a0000000,0x00000000a0880998,0x00000000a4100000)
 Metaspace       used 34538K, capacity 35308K, committed 35456K, reserved 1079296K
  class space    used 4750K, capacity 4955K, committed 4992K, reserved 1048576K
}
Event: 16.098 GC heap before
{Heap before GC invocations=12 (full 2):
 PSYoungGen      total 71168K, used 7660K [0x00000000e0000000, 0x00000000e5100000, 0x0000000100000000)
  eden space 63488K, 0% used [0x00000000e0000000,0x00000000e0000000,0x00000000e3e00000)
  from space 7680K, 99% used [0x00000000e4980000,0x00000000e50fb028,0x00000000e5100000)
  to   space 9728K, 0% used [0x00000000e3e00000,0x00000000e3e00000,0x00000000e4780000)
 ParOldGen       total 66560K, used 8706K [0x00000000a0000000, 0x00000000a4100000, 0x00000000e0000000)
  object space 66560K, 13% used [0x00000000a0000000,0x00000000a0880998,0x00000000a4100000)
 Metaspace       used 34538K, capacity 35308K, committed 35456K, reserved 1079296K
  class space    used 4750K, capacity 4955K, committed 4992K, reserved 1048576K

